C:\Users\dell\Desktop\Vue\.venv\Lib\site-packages\drf_yasg\__init__.py:2: UserWarning: pkg_resources is deprecated as an API. See https://setuptools.pypa.io/en/latest/pkg_resources.html. The pkg_resources package is slated for removal as early as 2025-11-30. Refrain from using this package or pin to Setuptools<81.
  from pkg_resources import DistributionNotFound, get_distribution
[INFO] 当前IP地址 ['172.19.144.1', '192.168.31.1', '192.168.81.1', '192.168.1.36'] 不是目标IP 172.25.21.216，跳过启动定时器
update example_component component model
update pipe_example_component component model
update component models
update component models finish
[2026-06-01 01:44:14][opsflow.plugins.registry.discover_plugins():50] [INFO] 插件注册完成: 共 43 个, 9 个分组
[2026-06-01 01:44:23][opsflow.plugins.registry.sync_plugin_meta_to_db():104] [INFO] PluginMeta 同步完成: 43 条
[2026-06-01 01:44:23][apscheduler.scheduler.start():214] [INFO] Scheduler started
[2026-06-01 01:44:23][opsflow.core.scheduler_service.start():140] [INFO] OpsflowScheduler started
[2026-06-01 01:44:23][opsflow.apps.ready():32] [INFO] OpsFlow 调度器已自动启动（dev 模式）
Performing system checks...

System check identified no issues (0 silenced).
June 01, 2026 - 01:44:25
Django version 4.2.7, using settings 'application.settings'
Starting ASGI/Channels version 3.0.5 development server at http://0.0.0.0:8000/
Quit the server with CTRL-BREAK.
[2026-06-01 01:44:25][daphne.server.run():113] [INFO] HTTP/2 support not enabled (install the http2 and tls Twisted extras)
[2026-06-01 01:44:25][daphne.server.run():122] [INFO] Configuring endpoint tcp:port=8000:interface=0.0.0.0
[2026-06-01 01:44:25][daphne.server.listen_success():153] [INFO] Listening on TCP address 0.0.0.0:8000
[2026-06-01 01:44:25][django.channels.server.log_action():168] [INFO] WebSocket HANDSHAKING /ws/eyJhbGciOiJIUzI1NiIsInR5cCI6IkpXVCJ9.eyJ0b2tlbl90eXBlIjoiYWNjZXNzIiwiZXhwIjoxNzgwODAzMTg0LCJpYXQiOjE3ODAxOTgzODQsImp0aSI6ImQzNzkwZDliYTRkNDQ1YmFhZTQ0NjhiYWI3YThlNmU1IiwidXNlcl9pZCI6IjEifQ.mnv63-hFyGdkaKBUfjEBywPcZczRB1-iypIGK0LpVfM/ [127.0.0.1:55496]
[2026-06-01 01:44:25][django.channels.server.log_action():164] [INFO] WebSocket CONNECT /ws/eyJhbGciOiJIUzI1NiIsInR5cCI6IkpXVCJ9.eyJ0b2tlbl90eXBlIjoiYWNjZXNzIiwiZXhwIjoxNzgwODAzMTg0LCJpYXQiOjE3ODAxOTgzODQsImp0aSI6ImQzNzkwZDliYTRkNDQ1YmFhZTQ0NjhiYWI3YThlNmU1IiwidXNlcl9pZCI6IjEifQ.mnv63-hFyGdkaKBUfjEBywPcZczRB1-iypIGK0LpVfM/ [127.0.0.1:55496]
连接成功
[2026-06-01 01:44:36][django.channels.server.log_action():147] [INFO] HTTP GET /api/opsflow/dashboard/top-templates/ 200 [0.01, 127.0.0.1:55522]
[2026-06-01 01:44:54][django.channels.server.log_action():147] [INFO] HTTP GET /api/opsflow/dashboard/status-distribution/ 200 [0.00, 127.0.0.1:55529]
[2026-06-01 01:44:54][django.channels.server.log_action():147] [INFO] HTTP GET /api/opsflow/dashboard/node-type-distribution/ 200 [0.01, 127.0.0.1:55530]
[2026-06-01 01:45:09][django.channels.server.log_action():166] [INFO] WebSocket DISCONNECT /ws/eyJhbGciOiJIUzI1NiIsInR5cCI6IkpXVCJ9.eyJ0b2tlbl90eXBlIjoiYWNjZXNzIiwiZXhwIjoxNzgwODAzMTg0LCJpYXQiOjE3ODAxOTgzODQsImp0aSI6ImQzNzkwZDliYTRkNDQ1YmFhZTQ0NjhiYWI3YThlNmU1IiwidXNlcl9pZCI6IjEifQ.mnv63-hFyGdkaKBUfjEBywPcZczRB1-iypIGK0LpVfM/ [127.0.0.1:55496]
连接关闭
[2026-06-01 01:45:10][django.channels.server.log_action():147] [INFO] HTTP GET /api/init/dictionary/?dictionary_key=all 200 [0.61, 127.0.0.1:55574]
[2026-06-01 01:45:10][django.channels.server.log_action():147] [INFO] HTTP GET /api/init/settings/ 200 [0.77, 127.0.0.1:55572]
[2026-06-01 01:45:11][django.channels.server.log_action():147] [INFO] HTTP GET /api/system/menu/web_router/ 200 [0.97, 127.0.0.1:55575]
[2026-06-01 01:45:11][django.channels.server.log_action():147] [INFO] HTTP GET /api/system/menu_button/menu_button_all_permission/ 200 [0.99, 127.0.0.1:55571]
[2026-06-01 01:45:11][django.channels.server.log_action():147] [INFO] HTTP GET /api/system/dept/all_dept/ 200 [1.01, 127.0.0.1:55573]
[2026-06-01 01:45:11][django.channels.server.log_action():168] [INFO] WebSocket HANDSHAKING /ws/eyJhbGciOiJIUzI1NiIsInR5cCI6IkpXVCJ9.eyJ0b2tlbl90eXBlIjoiYWNjZXNzIiwiZXhwIjoxNzgwODAzMTg0LCJpYXQiOjE3ODAxOTgzODQsImp0aSI6ImQzNzkwZDliYTRkNDQ1YmFhZTQ0NjhiYWI3YThlNmU1IiwidXNlcl9pZCI6IjEifQ.mnv63-hFyGdkaKBUfjEBywPcZczRB1-iypIGK0LpVfM/ [127.0.0.1:55583]
[2026-06-01 01:45:11][django.channels.server.log_action():164] [INFO] WebSocket CONNECT /ws/eyJhbGciOiJIUzI1NiIsInR5cCI6IkpXVCJ9.eyJ0b2tlbl90eXBlIjoiYWNjZXNzIiwiZXhwIjoxNzgwODAzMTg0LCJpYXQiOjE3ODAxOTgzODQsImp0aSI6ImQzNzkwZDliYTRkNDQ1YmFhZTQ0NjhiYWI3YThlNmU1IiwidXNlcl9pZCI6IjEifQ.mnv63-hFyGdkaKBUfjEBywPcZczRB1-iypIGK0LpVfM/ [127.0.0.1:55583]
连接成功
[2026-06-01 01:45:12][django.channels.server.log_action():147] [INFO] HTTP GET /api/opsflow/dashboard/user-activity/?limit=10 200 [1.28, 127.0.0.1:55572]
[2026-06-01 01:45:12][django.channels.server.log_action():147] [INFO] HTTP GET /api/opsflow/dashboard/trend/?days=30 200 [1.29, 127.0.0.1:55571]
[2026-06-01 01:45:12][dvadmin.utils.exception.CustomExceptionHandler():68] [ERROR] Traceback (most recent call last):
  File "C:\Users\dell\Desktop\Vue\.venv\Lib\site-packages\rest_framework\views.py", line 506, in dispatch
    response = handler(request, *args, **kwargs)
               ^^^^^^^^^^^^^^^^^^^^^^^^^^^^^^^^^
  File "C:\Users\dell\Desktop\Vue\.venv\Lib\site-packages\rest_framework\decorators.py", line 50, in handler
    return func(*args, **kwargs)
           ^^^^^^^^^^^^^^^^^^^^^
  File "C:\Users\dell\Desktop\Vue\backend\opsflow\views\dashboard_views.py", line 227, in dashboard_top_templates
    FlowExecution.objects.values(template_id=F("template_id"), template_name=F("template__name"))
  File "C:\Users\dell\Desktop\Vue\.venv\Lib\site-packages\django\db\models\manager.py", line 87, in manager_method
    return getattr(self.get_queryset(), name)(*args, **kwargs)
           ^^^^^^^^^^^^^^^^^^^^^^^^^^^^^^^^^^^^^^^^^^^^^^^^^^^
  File "C:\Users\dell\Desktop\Vue\.venv\Lib\site-packages\django\db\models\query.py", line 1313, in values
    clone = self._values(*fields, **expressions)
            ^^^^^^^^^^^^^^^^^^^^^^^^^^^^^^^^^^^^
  File "C:\Users\dell\Desktop\Vue\.venv\Lib\site-packages\django\db\models\query.py", line 1306, in _values
    clone = clone.annotate(**expressions)
            ^^^^^^^^^^^^^^^^^^^^^^^^^^^^^
  File "C:\Users\dell\Desktop\Vue\.venv\Lib\site-packages\django\db\models\query.py", line 1590, in annotate
    return self._annotate(args, kwargs, select=True)
           ^^^^^^^^^^^^^^^^^^^^^^^^^^^^^^^^^^^^^^^^^
  File "C:\Users\dell\Desktop\Vue\.venv\Lib\site-packages\django\db\models\query.py", line 1631, in _annotate
    raise ValueError(
ValueError: The annotation 'template_id' conflicts with a field on the model.
Traceback (most recent call last):
  File "C:\Users\dell\Desktop\Vue\.venv\Lib\site-packages\rest_framework\views.py", line 506, in dispatch
    response = handler(request, *args, **kwargs)
               ^^^^^^^^^^^^^^^^^^^^^^^^^^^^^^^^^
  File "C:\Users\dell\Desktop\Vue\.venv\Lib\site-packages\rest_framework\decorators.py", line 50, in handler
    return func(*args, **kwargs)
           ^^^^^^^^^^^^^^^^^^^^^
  File "C:\Users\dell\Desktop\Vue\backend\opsflow\views\dashboard_views.py", line 227, in dashboard_top_templates
    FlowExecution.objects.values(template_id=F("template_id"), template_name=F("template__name"))
  File "C:\Users\dell\Desktop\Vue\.venv\Lib\site-packages\django\db\models\manager.py", line 87, in manager_method
    return getattr(self.get_queryset(), name)(*args, **kwargs)
           ^^^^^^^^^^^^^^^^^^^^^^^^^^^^^^^^^^^^^^^^^^^^^^^^^^^
  File "C:\Users\dell\Desktop\Vue\.venv\Lib\site-packages\django\db\models\query.py", line 1313, in values
    clone = self._values(*fields, **expressions)
            ^^^^^^^^^^^^^^^^^^^^^^^^^^^^^^^^^^^^
  File "C:\Users\dell\Desktop\Vue\.venv\Lib\site-packages\django\db\models\query.py", line 1306, in _values
    clone = clone.annotate(**expressions)
            ^^^^^^^^^^^^^^^^^^^^^^^^^^^^^
  File "C:\Users\dell\Desktop\Vue\.venv\Lib\site-packages\django\db\models\query.py", line 1590, in annotate
    return self._annotate(args, kwargs, select=True)
           ^^^^^^^^^^^^^^^^^^^^^^^^^^^^^^^^^^^^^^^^^
  File "C:\Users\dell\Desktop\Vue\.venv\Lib\site-packages\django\db\models\query.py", line 1631, in _annotate
    raise ValueError(
ValueError: The annotation 'template_id' conflicts with a field on the model.
[2026-06-01 01:45:12][django.channels.server.log_action():147] [INFO] HTTP GET /api/opsflow/dashboard/top-templates/?limit=8 200 [1.42, 127.0.0.1:55575]
[2026-06-01 01:45:12][django.channels.server.log_action():147] [INFO] HTTP GET /api/opsflow/dashboard/node-type-distribution/ 200 [1.46, 127.0.0.1:55585]
[2026-06-01 01:45:12][django.channels.server.log_action():147] [INFO] HTTP GET /api/opsflow/dashboard/status-distribution/ 200 [1.47, 127.0.0.1:55574]
[2026-06-01 01:45:13][django.channels.server.log_action():147] [INFO] HTTP GET /api/opsflow/dashboard/stats/?days=30 200 [1.74, 127.0.0.1:55573]
[2026-06-01 01:45:13][dvadmin.utils.exception.CustomExceptionHandler():68] [ERROR] Traceback (most recent call last):
  File "C:\Users\dell\Desktop\Vue\.venv\Lib\site-packages\django\db\backends\utils.py", line 89, in _execute
    return self.cursor.execute(sql, params)
           ^^^^^^^^^^^^^^^^^^^^^^^^^^^^^^^^
  File "C:\Users\dell\Desktop\Vue\.venv\Lib\site-packages\django\db\backends\mysql\base.py", line 75, in execute
    return self.cursor.execute(query, args)
           ^^^^^^^^^^^^^^^^^^^^^^^^^^^^^^^^
  File "C:\Users\dell\Desktop\Vue\.venv\Lib\site-packages\pymysql\cursors.py", line 153, in execute
    result = self._query(query)
             ^^^^^^^^^^^^^^^^^^
  File "C:\Users\dell\Desktop\Vue\.venv\Lib\site-packages\pymysql\cursors.py", line 322, in _query
    conn.query(q)
  File "C:\Users\dell\Desktop\Vue\.venv\Lib\site-packages\pymysql\connections.py", line 575, in query
    self._affected_rows = self._read_query_result(unbuffered=unbuffered)
                          ^^^^^^^^^^^^^^^^^^^^^^^^^^^^^^^^^^^^^^^^^^^^^^
  File "C:\Users\dell\Desktop\Vue\.venv\Lib\site-packages\pymysql\connections.py", line 826, in _read_query_result
    result.read()
  File "C:\Users\dell\Desktop\Vue\.venv\Lib\site-packages\pymysql\connections.py", line 1203, in read
    first_packet = self.connection._read_packet()
                   ^^^^^^^^^^^^^^^^^^^^^^^^^^^^^^
  File "C:\Users\dell\Desktop\Vue\.venv\Lib\site-packages\pymysql\connections.py", line 782, in _read_packet
    packet.raise_for_error()
  File "C:\Users\dell\Desktop\Vue\.venv\Lib\site-packages\pymysql\protocol.py", line 219, in raise_for_error
    err.raise_mysql_exception(self._data)
  File "C:\Users\dell\Desktop\Vue\.venv\Lib\site-packages\pymysql\err.py", line 150, in raise_mysql_exception
    raise errorclass(errno, errval)
pymysql.err.OperationalError: (1054, "Unknown column 'ops_flow_template.category' in 'SELECT'")

The above exception was the direct cause of the following exception:

Traceback (most recent call last):
  File "C:\Users\dell\Desktop\Vue\.venv\Lib\site-packages\rest_framework\views.py", line 506, in dispatch
    response = handler(request, *args, **kwargs)
               ^^^^^^^^^^^^^^^^^^^^^^^^^^^^^^^^^
  File "C:\Users\dell\Desktop\Vue\.venv\Lib\site-packages\rest_framework\decorators.py", line 50, in handler
    return func(*args, **kwargs)
           ^^^^^^^^^^^^^^^^^^^^^
  File "C:\Users\dell\Desktop\Vue\backend\opsflow\views\dashboard_views.py", line 329, in dashboard_schedule_stats
    top_schedules_data = [
                         ^
  File "C:\Users\dell\Desktop\Vue\.venv\Lib\site-packages\django\db\models\query.py", line 398, in __iter__
    self._fetch_all()
  File "C:\Users\dell\Desktop\Vue\.venv\Lib\site-packages\django\db\models\query.py", line 1881, in _fetch_all
    self._result_cache = list(self._iterable_class(self))
                         ^^^^^^^^^^^^^^^^^^^^^^^^^^^^^^^^
  File "C:\Users\dell\Desktop\Vue\.venv\Lib\site-packages\django\db\models\query.py", line 91, in __iter__
    results = compiler.execute_sql(
              ^^^^^^^^^^^^^^^^^^^^^
  File "C:\Users\dell\Desktop\Vue\.venv\Lib\site-packages\django\db\models\sql\compiler.py", line 1562, in execute_sql
    cursor.execute(sql, params)
  File "C:\Users\dell\Desktop\Vue\.venv\Lib\site-packages\django\db\backends\utils.py", line 102, in execute
    return super().execute(sql, params)
           ^^^^^^^^^^^^^^^^^^^^^^^^^^^^
  File "C:\Users\dell\Desktop\Vue\.venv\Lib\site-packages\django\db\backends\utils.py", line 67, in execute
    return self._execute_with_wrappers(
           ^^^^^^^^^^^^^^^^^^^^^^^^^^^^
  File "C:\Users\dell\Desktop\Vue\.venv\Lib\site-packages\django\db\backends\utils.py", line 80, in _execute_with_wrappers
    return executor(sql, params, many, context)
           ^^^^^^^^^^^^^^^^^^^^^^^^^^^^^^^^^^^^
  File "C:\Users\dell\Desktop\Vue\.venv\Lib\site-packages\django\db\backends\utils.py", line 84, in _execute
    with self.db.wrap_database_errors:
  File "C:\Users\dell\Desktop\Vue\.venv\Lib\site-packages\django\db\utils.py", line 91, in __exit__
    raise dj_exc_value.with_traceback(traceback) from exc_value
  File "C:\Users\dell\Desktop\Vue\.venv\Lib\site-packages\django\db\backends\utils.py", line 89, in _execute
    return self.cursor.execute(sql, params)
           ^^^^^^^^^^^^^^^^^^^^^^^^^^^^^^^^
  File "C:\Users\dell\Desktop\Vue\.venv\Lib\site-packages\django\db\backends\mysql\base.py", line 75, in execute
    return self.cursor.execute(query, args)
           ^^^^^^^^^^^^^^^^^^^^^^^^^^^^^^^^
  File "C:\Users\dell\Desktop\Vue\.venv\Lib\site-packages\pymysql\cursors.py", line 153, in execute
    result = self._query(query)
             ^^^^^^^^^^^^^^^^^^
  File "C:\Users\dell\Desktop\Vue\.venv\Lib\site-packages\pymysql\cursors.py", line 322, in _query
    conn.query(q)
  File "C:\Users\dell\Desktop\Vue\.venv\Lib\site-packages\pymysql\connections.py", line 575, in query
    self._affected_rows = self._read_query_result(unbuffered=unbuffered)
                          ^^^^^^^^^^^^^^^^^^^^^^^^^^^^^^^^^^^^^^^^^^^^^^
  File "C:\Users\dell\Desktop\Vue\.venv\Lib\site-packages\pymysql\connections.py", line 826, in _read_query_result
    result.read()
  File "C:\Users\dell\Desktop\Vue\.venv\Lib\site-packages\pymysql\connections.py", line 1203, in read
    first_packet = self.connection._read_packet()
                   ^^^^^^^^^^^^^^^^^^^^^^^^^^^^^^
  File "C:\Users\dell\Desktop\Vue\.venv\Lib\site-packages\pymysql\connections.py", line 782, in _read_packet
    packet.raise_for_error()
  File "C:\Users\dell\Desktop\Vue\.venv\Lib\site-packages\pymysql\protocol.py", line 219, in raise_for_error
    err.raise_mysql_exception(self._data)
  File "C:\Users\dell\Desktop\Vue\.venv\Lib\site-packages\pymysql\err.py", line 150, in raise_mysql_exception
    raise errorclass(errno, errval)
django.db.utils.OperationalError: (1054, "Unknown column 'ops_flow_template.category' in 'SELECT'")
Traceback (most recent call last):
  File "C:\Users\dell\Desktop\Vue\.venv\Lib\site-packages\django\db\backends\utils.py", line 89, in _execute
    return self.cursor.execute(sql, params)
           ^^^^^^^^^^^^^^^^^^^^^^^^^^^^^^^^
  File "C:\Users\dell\Desktop\Vue\.venv\Lib\site-packages\django\db\backends\mysql\base.py", line 75, in execute
    return self.cursor.execute(query, args)
           ^^^^^^^^^^^^^^^^^^^^^^^^^^^^^^^^
  File "C:\Users\dell\Desktop\Vue\.venv\Lib\site-packages\pymysql\cursors.py", line 153, in execute
    result = self._query(query)
             ^^^^^^^^^^^^^^^^^^
  File "C:\Users\dell\Desktop\Vue\.venv\Lib\site-packages\pymysql\cursors.py", line 322, in _query
    conn.query(q)
  File "C:\Users\dell\Desktop\Vue\.venv\Lib\site-packages\pymysql\connections.py", line 575, in query
    self._affected_rows = self._read_query_result(unbuffered=unbuffered)
                          ^^^^^^^^^^^^^^^^^^^^^^^^^^^^^^^^^^^^^^^^^^^^^^
  File "C:\Users\dell\Desktop\Vue\.venv\Lib\site-packages\pymysql\connections.py", line 826, in _read_query_result
    result.read()
  File "C:\Users\dell\Desktop\Vue\.venv\Lib\site-packages\pymysql\connections.py", line 1203, in read
    first_packet = self.connection._read_packet()
                   ^^^^^^^^^^^^^^^^^^^^^^^^^^^^^^
  File "C:\Users\dell\Desktop\Vue\.venv\Lib\site-packages\pymysql\connections.py", line 782, in _read_packet
    packet.raise_for_error()
  File "C:\Users\dell\Desktop\Vue\.venv\Lib\site-packages\pymysql\protocol.py", line 219, in raise_for_error
    err.raise_mysql_exception(self._data)
  File "C:\Users\dell\Desktop\Vue\.venv\Lib\site-packages\pymysql\err.py", line 150, in raise_mysql_exception
    raise errorclass(errno, errval)
pymysql.err.OperationalError: (1054, "Unknown column 'ops_flow_template.category' in 'SELECT'")

The above exception was the direct cause of the following exception:

Traceback (most recent call last):
  File "C:\Users\dell\Desktop\Vue\.venv\Lib\site-packages\rest_framework\views.py", line 506, in dispatch
    response = handler(request, *args, **kwargs)
               ^^^^^^^^^^^^^^^^^^^^^^^^^^^^^^^^^
  File "C:\Users\dell\Desktop\Vue\.venv\Lib\site-packages\rest_framework\decorators.py", line 50, in handler
    return func(*args, **kwargs)
           ^^^^^^^^^^^^^^^^^^^^^
  File "C:\Users\dell\Desktop\Vue\backend\opsflow\views\dashboard_views.py", line 329, in dashboard_schedule_stats
    top_schedules_data = [
                         ^
  File "C:\Users\dell\Desktop\Vue\.venv\Lib\site-packages\django\db\models\query.py", line 398, in __iter__
    self._fetch_all()
  File "C:\Users\dell\Desktop\Vue\.venv\Lib\site-packages\django\db\models\query.py", line 1881, in _fetch_all
    self._result_cache = list(self._iterable_class(self))
                         ^^^^^^^^^^^^^^^^^^^^^^^^^^^^^^^^
  File "C:\Users\dell\Desktop\Vue\.venv\Lib\site-packages\django\db\models\query.py", line 91, in __iter__
    results = compiler.execute_sql(
              ^^^^^^^^^^^^^^^^^^^^^
  File "C:\Users\dell\Desktop\Vue\.venv\Lib\site-packages\django\db\models\sql\compiler.py", line 1562, in execute_sql
    cursor.execute(sql, params)
  File "C:\Users\dell\Desktop\Vue\.venv\Lib\site-packages\django\db\backends\utils.py", line 102, in execute
    return super().execute(sql, params)
           ^^^^^^^^^^^^^^^^^^^^^^^^^^^^
  File "C:\Users\dell\Desktop\Vue\.venv\Lib\site-packages\django\db\backends\utils.py", line 67, in execute
    return self._execute_with_wrappers(
           ^^^^^^^^^^^^^^^^^^^^^^^^^^^^
  File "C:\Users\dell\Desktop\Vue\.venv\Lib\site-packages\django\db\backends\utils.py", line 80, in _execute_with_wrappers
    return executor(sql, params, many, context)
           ^^^^^^^^^^^^^^^^^^^^^^^^^^^^^^^^^^^^
  File "C:\Users\dell\Desktop\Vue\.venv\Lib\site-packages\django\db\backends\utils.py", line 84, in _execute
    with self.db.wrap_database_errors:
  File "C:\Users\dell\Desktop\Vue\.venv\Lib\site-packages\django\db\utils.py", line 91, in __exit__
    raise dj_exc_value.with_traceback(traceback) from exc_value
  File "C:\Users\dell\Desktop\Vue\.venv\Lib\site-packages\django\db\backends\utils.py", line 89, in _execute
    return self.cursor.execute(sql, params)
           ^^^^^^^^^^^^^^^^^^^^^^^^^^^^^^^^
  File "C:\Users\dell\Desktop\Vue\.venv\Lib\site-packages\django\db\backends\mysql\base.py", line 75, in execute
    return self.cursor.execute(query, args)
           ^^^^^^^^^^^^^^^^^^^^^^^^^^^^^^^^
  File "C:\Users\dell\Desktop\Vue\.venv\Lib\site-packages\pymysql\cursors.py", line 153, in execute
    result = self._query(query)
             ^^^^^^^^^^^^^^^^^^
  File "C:\Users\dell\Desktop\Vue\.venv\Lib\site-packages\pymysql\cursors.py", line 322, in _query
    conn.query(q)
  File "C:\Users\dell\Desktop\Vue\.venv\Lib\site-packages\pymysql\connections.py", line 575, in query
    self._affected_rows = self._read_query_result(unbuffered=unbuffered)
                          ^^^^^^^^^^^^^^^^^^^^^^^^^^^^^^^^^^^^^^^^^^^^^^
  File "C:\Users\dell\Desktop\Vue\.venv\Lib\site-packages\pymysql\connections.py", line 826, in _read_query_result
    result.read()
  File "C:\Users\dell\Desktop\Vue\.venv\Lib\site-packages\pymysql\connections.py", line 1203, in read
    first_packet = self.connection._read_packet()
                   ^^^^^^^^^^^^^^^^^^^^^^^^^^^^^^
  File "C:\Users\dell\Desktop\Vue\.venv\Lib\site-packages\pymysql\connections.py", line 782, in _read_packet
    packet.raise_for_error()
  File "C:\Users\dell\Desktop\Vue\.venv\Lib\site-packages\pymysql\protocol.py", line 219, in raise_for_error
    err.raise_mysql_exception(self._data)
  File "C:\Users\dell\Desktop\Vue\.venv\Lib\site-packages\pymysql\err.py", line 150, in raise_mysql_exception
    raise errorclass(errno, errval)
django.db.utils.OperationalError: (1054, "Unknown column 'ops_flow_template.category' in 'SELECT'")
[2026-06-01 01:45:13][django.channels.server.log_action():147] [INFO] HTTP GET /api/opsflow/dashboard/schedule-stats/?days=30 200 [0.59, 127.0.0.1:55572]
[2026-06-01 01:45:52][django.channels.server.log_action():147] [INFO] HTTP GET /api/opsflow/dashboard/top-templates/ 200 [0.01, 127.0.0.1:55662]
[2026-06-01 01:46:01][django.channels.server.log_action():147] [INFO] HTTP GET /api/opsflow/dashboard/top-templates/ 200 [0.00, 127.0.0.1:55678]
[2026-06-01 01:46:10][django.channels.server.log_action():166] [INFO] WebSocket DISCONNECT /ws/eyJhbGciOiJIUzI1NiIsInR5cCI6IkpXVCJ9.eyJ0b2tlbl90eXBlIjoiYWNjZXNzIiwiZXhwIjoxNzgwODAzMTg0LCJpYXQiOjE3ODAxOTgzODQsImp0aSI6ImQzNzkwZDliYTRkNDQ1YmFhZTQ0NjhiYWI3YThlNmU1IiwidXNlcl9pZCI6IjEifQ.mnv63-hFyGdkaKBUfjEBywPcZczRB1-iypIGK0LpVfM/ [127.0.0.1:55583]
连接关闭
[2026-06-01 01:46:11][django.channels.server.log_action():147] [INFO] HTTP GET /api/init/dictionary/?dictionary_key=all 200 [0.57, 127.0.0.1:55585]
[2026-06-01 01:46:11][django.channels.server.log_action():147] [INFO] HTTP GET /api/system/menu_button/menu_button_all_permission/ 200 [0.87, 127.0.0.1:55572]
[2026-06-01 01:46:11][django.channels.server.log_action():147] [INFO] HTTP GET /api/init/settings/ 200 [0.92, 127.0.0.1:55573]
[2026-06-01 01:46:11][django.channels.server.log_action():147] [INFO] HTTP GET /api/system/dept/all_dept/ 200 [0.95, 127.0.0.1:55574]
[2026-06-01 01:46:11][django.channels.server.log_action():147] [INFO] HTTP GET /api/system/menu/web_router/ 200 [0.95, 127.0.0.1:55575]
[2026-06-01 01:46:11][django.channels.server.log_action():168] [INFO] WebSocket HANDSHAKING /ws/eyJhbGciOiJIUzI1NiIsInR5cCI6IkpXVCJ9.eyJ0b2tlbl90eXBlIjoiYWNjZXNzIiwiZXhwIjoxNzgwODAzMTg0LCJpYXQiOjE3ODAxOTgzODQsImp0aSI6ImQzNzkwZDliYTRkNDQ1YmFhZTQ0NjhiYWI3YThlNmU1IiwidXNlcl9pZCI6IjEifQ.mnv63-hFyGdkaKBUfjEBywPcZczRB1-iypIGK0LpVfM/ [127.0.0.1:55703]
[2026-06-01 01:46:11][django.channels.server.log_action():164] [INFO] WebSocket CONNECT /ws/eyJhbGciOiJIUzI1NiIsInR5cCI6IkpXVCJ9.eyJ0b2tlbl90eXBlIjoiYWNjZXNzIiwiZXhwIjoxNzgwODAzMTg0LCJpYXQiOjE3ODAxOTgzODQsImp0aSI6ImQzNzkwZDliYTRkNDQ1YmFhZTQ0NjhiYWI3YThlNmU1IiwidXNlcl9pZCI6IjEifQ.mnv63-hFyGdkaKBUfjEBywPcZczRB1-iypIGK0LpVfM/ [127.0.0.1:55703]
连接成功
[2026-06-01 01:46:12][dvadmin.utils.exception.CustomExceptionHandler():68] [ERROR] Traceback (most recent call last):
  File "C:\Users\dell\Desktop\Vue\.venv\Lib\site-packages\rest_framework\views.py", line 506, in dispatch
    response = handler(request, *args, **kwargs)
               ^^^^^^^^^^^^^^^^^^^^^^^^^^^^^^^^^
  File "C:\Users\dell\Desktop\Vue\.venv\Lib\site-packages\rest_framework\decorators.py", line 50, in handler
    return func(*args, **kwargs)
           ^^^^^^^^^^^^^^^^^^^^^
  File "C:\Users\dell\Desktop\Vue\backend\opsflow\views\dashboard_views.py", line 227, in dashboard_top_templates
    FlowExecution.objects.values(tid=F("template_id"), template_name=F("template__name"))
  File "C:\Users\dell\Desktop\Vue\.venv\Lib\site-packages\django\db\models\manager.py", line 87, in manager_method
    return getattr(self.get_queryset(), name)(*args, **kwargs)
           ^^^^^^^^^^^^^^^^^^^^^^^^^^^^^^^^^^^^^^^^^^^^^^^^^^^
  File "C:\Users\dell\Desktop\Vue\.venv\Lib\site-packages\django\db\models\query.py", line 1313, in values
    clone = self._values(*fields, **expressions)
            ^^^^^^^^^^^^^^^^^^^^^^^^^^^^^^^^^^^^
  File "C:\Users\dell\Desktop\Vue\.venv\Lib\site-packages\django\db\models\query.py", line 1306, in _values
    clone = clone.annotate(**expressions)
            ^^^^^^^^^^^^^^^^^^^^^^^^^^^^^
  File "C:\Users\dell\Desktop\Vue\.venv\Lib\site-packages\django\db\models\query.py", line 1590, in annotate
    return self._annotate(args, kwargs, select=True)
           ^^^^^^^^^^^^^^^^^^^^^^^^^^^^^^^^^^^^^^^^^
  File "C:\Users\dell\Desktop\Vue\.venv\Lib\site-packages\django\db\models\query.py", line 1631, in _annotate
    raise ValueError(
ValueError: The annotation 'template_id' conflicts with a field on the model.
Traceback (most recent call last):
  File "C:\Users\dell\Desktop\Vue\.venv\Lib\site-packages\rest_framework\views.py", line 506, in dispatch
    response = handler(request, *args, **kwargs)
               ^^^^^^^^^^^^^^^^^^^^^^^^^^^^^^^^^
  File "C:\Users\dell\Desktop\Vue\.venv\Lib\site-packages\rest_framework\decorators.py", line 50, in handler
    return func(*args, **kwargs)
           ^^^^^^^^^^^^^^^^^^^^^
  File "C:\Users\dell\Desktop\Vue\backend\opsflow\views\dashboard_views.py", line 227, in dashboard_top_templates
    FlowExecution.objects.values(tid=F("template_id"), template_name=F("template__name"))
  File "C:\Users\dell\Desktop\Vue\.venv\Lib\site-packages\django\db\models\manager.py", line 87, in manager_method
    return getattr(self.get_queryset(), name)(*args, **kwargs)
           ^^^^^^^^^^^^^^^^^^^^^^^^^^^^^^^^^^^^^^^^^^^^^^^^^^^
  File "C:\Users\dell\Desktop\Vue\.venv\Lib\site-packages\django\db\models\query.py", line 1313, in values
    clone = self._values(*fields, **expressions)
            ^^^^^^^^^^^^^^^^^^^^^^^^^^^^^^^^^^^^
  File "C:\Users\dell\Desktop\Vue\.venv\Lib\site-packages\django\db\models\query.py", line 1306, in _values
    clone = clone.annotate(**expressions)
            ^^^^^^^^^^^^^^^^^^^^^^^^^^^^^
  File "C:\Users\dell\Desktop\Vue\.venv\Lib\site-packages\django\db\models\query.py", line 1590, in annotate
    return self._annotate(args, kwargs, select=True)
           ^^^^^^^^^^^^^^^^^^^^^^^^^^^^^^^^^^^^^^^^^
  File "C:\Users\dell\Desktop\Vue\.venv\Lib\site-packages\django\db\models\query.py", line 1631, in _annotate
    raise ValueError(
ValueError: The annotation 'template_id' conflicts with a field on the model.
[2026-06-01 01:46:12][django.channels.server.log_action():147] [INFO] HTTP GET /api/opsflow/dashboard/top-templates/?limit=8 200 [1.05, 127.0.0.1:55573]
[2026-06-01 01:46:12][django.channels.server.log_action():147] [INFO] HTTP GET /api/opsflow/dashboard/node-type-distribution/ 200 [1.22, 127.0.0.1:55571]
[2026-06-01 01:46:12][django.channels.server.log_action():147] [INFO] HTTP GET /api/opsflow/dashboard/user-activity/?limit=10 200 [1.22, 127.0.0.1:55572]
[2026-06-01 01:46:12][django.channels.server.log_action():147] [INFO] HTTP GET /api/opsflow/dashboard/trend/?days=30 200 [1.30, 127.0.0.1:55574]
[2026-06-01 01:46:12][django.channels.server.log_action():147] [INFO] HTTP GET /api/opsflow/dashboard/status-distribution/ 200 [1.30, 127.0.0.1:55585]
[2026-06-01 01:46:13][django.channels.server.log_action():147] [INFO] HTTP GET /api/opsflow/dashboard/stats/?days=30 200 [1.57, 127.0.0.1:55575]
[2026-06-01 01:46:13][dvadmin.utils.exception.CustomExceptionHandler():68] [ERROR] Traceback (most recent call last):
  File "C:\Users\dell\Desktop\Vue\.venv\Lib\site-packages\django\db\backends\utils.py", line 89, in _execute
    return self.cursor.execute(sql, params)
           ^^^^^^^^^^^^^^^^^^^^^^^^^^^^^^^^
  File "C:\Users\dell\Desktop\Vue\.venv\Lib\site-packages\django\db\backends\mysql\base.py", line 75, in execute
    return self.cursor.execute(query, args)
           ^^^^^^^^^^^^^^^^^^^^^^^^^^^^^^^^
  File "C:\Users\dell\Desktop\Vue\.venv\Lib\site-packages\pymysql\cursors.py", line 153, in execute
    result = self._query(query)
             ^^^^^^^^^^^^^^^^^^
  File "C:\Users\dell\Desktop\Vue\.venv\Lib\site-packages\pymysql\cursors.py", line 322, in _query
    conn.query(q)
  File "C:\Users\dell\Desktop\Vue\.venv\Lib\site-packages\pymysql\connections.py", line 575, in query
    self._affected_rows = self._read_query_result(unbuffered=unbuffered)
                          ^^^^^^^^^^^^^^^^^^^^^^^^^^^^^^^^^^^^^^^^^^^^^^
  File "C:\Users\dell\Desktop\Vue\.venv\Lib\site-packages\pymysql\connections.py", line 826, in _read_query_result
    result.read()
  File "C:\Users\dell\Desktop\Vue\.venv\Lib\site-packages\pymysql\connections.py", line 1203, in read
    first_packet = self.connection._read_packet()
                   ^^^^^^^^^^^^^^^^^^^^^^^^^^^^^^
  File "C:\Users\dell\Desktop\Vue\.venv\Lib\site-packages\pymysql\connections.py", line 782, in _read_packet
    packet.raise_for_error()
  File "C:\Users\dell\Desktop\Vue\.venv\Lib\site-packages\pymysql\protocol.py", line 219, in raise_for_error
    err.raise_mysql_exception(self._data)
  File "C:\Users\dell\Desktop\Vue\.venv\Lib\site-packages\pymysql\err.py", line 150, in raise_mysql_exception
    raise errorclass(errno, errval)
pymysql.err.OperationalError: (1054, "Unknown column 'ops_flow_template.category' in 'SELECT'")

The above exception was the direct cause of the following exception:

Traceback (most recent call last):
  File "C:\Users\dell\Desktop\Vue\.venv\Lib\site-packages\rest_framework\views.py", line 506, in dispatch
    response = handler(request, *args, **kwargs)
               ^^^^^^^^^^^^^^^^^^^^^^^^^^^^^^^^^
  File "C:\Users\dell\Desktop\Vue\.venv\Lib\site-packages\rest_framework\decorators.py", line 50, in handler
    return func(*args, **kwargs)
           ^^^^^^^^^^^^^^^^^^^^^
  File "C:\Users\dell\Desktop\Vue\backend\opsflow\views\dashboard_views.py", line 329, in dashboard_schedule_stats
    top_schedules_data = [
                         ^
  File "C:\Users\dell\Desktop\Vue\.venv\Lib\site-packages\django\db\models\query.py", line 398, in __iter__
    self._fetch_all()
  File "C:\Users\dell\Desktop\Vue\.venv\Lib\site-packages\django\db\models\query.py", line 1881, in _fetch_all
    self._result_cache = list(self._iterable_class(self))
                         ^^^^^^^^^^^^^^^^^^^^^^^^^^^^^^^^
  File "C:\Users\dell\Desktop\Vue\.venv\Lib\site-packages\django\db\models\query.py", line 91, in __iter__
    results = compiler.execute_sql(
              ^^^^^^^^^^^^^^^^^^^^^
  File "C:\Users\dell\Desktop\Vue\.venv\Lib\site-packages\django\db\models\sql\compiler.py", line 1562, in execute_sql
    cursor.execute(sql, params)
  File "C:\Users\dell\Desktop\Vue\.venv\Lib\site-packages\django\db\backends\utils.py", line 102, in execute
    return super().execute(sql, params)
           ^^^^^^^^^^^^^^^^^^^^^^^^^^^^
  File "C:\Users\dell\Desktop\Vue\.venv\Lib\site-packages\django\db\backends\utils.py", line 67, in execute
    return self._execute_with_wrappers(
           ^^^^^^^^^^^^^^^^^^^^^^^^^^^^
  File "C:\Users\dell\Desktop\Vue\.venv\Lib\site-packages\django\db\backends\utils.py", line 80, in _execute_with_wrappers
    return executor(sql, params, many, context)
           ^^^^^^^^^^^^^^^^^^^^^^^^^^^^^^^^^^^^
  File "C:\Users\dell\Desktop\Vue\.venv\Lib\site-packages\django\db\backends\utils.py", line 84, in _execute
    with self.db.wrap_database_errors:
  File "C:\Users\dell\Desktop\Vue\.venv\Lib\site-packages\django\db\utils.py", line 91, in __exit__
    raise dj_exc_value.with_traceback(traceback) from exc_value
  File "C:\Users\dell\Desktop\Vue\.venv\Lib\site-packages\django\db\backends\utils.py", line 89, in _execute
    return self.cursor.execute(sql, params)
           ^^^^^^^^^^^^^^^^^^^^^^^^^^^^^^^^
  File "C:\Users\dell\Desktop\Vue\.venv\Lib\site-packages\django\db\backends\mysql\base.py", line 75, in execute
    return self.cursor.execute(query, args)
           ^^^^^^^^^^^^^^^^^^^^^^^^^^^^^^^^
  File "C:\Users\dell\Desktop\Vue\.venv\Lib\site-packages\pymysql\cursors.py", line 153, in execute
    result = self._query(query)
             ^^^^^^^^^^^^^^^^^^
  File "C:\Users\dell\Desktop\Vue\.venv\Lib\site-packages\pymysql\cursors.py", line 322, in _query
    conn.query(q)
  File "C:\Users\dell\Desktop\Vue\.venv\Lib\site-packages\pymysql\connections.py", line 575, in query
    self._affected_rows = self._read_query_result(unbuffered=unbuffered)
                          ^^^^^^^^^^^^^^^^^^^^^^^^^^^^^^^^^^^^^^^^^^^^^^
  File "C:\Users\dell\Desktop\Vue\.venv\Lib\site-packages\pymysql\connections.py", line 826, in _read_query_result
    result.read()
  File "C:\Users\dell\Desktop\Vue\.venv\Lib\site-packages\pymysql\connections.py", line 1203, in read
    first_packet = self.connection._read_packet()
                   ^^^^^^^^^^^^^^^^^^^^^^^^^^^^^^
  File "C:\Users\dell\Desktop\Vue\.venv\Lib\site-packages\pymysql\connections.py", line 782, in _read_packet
    packet.raise_for_error()
  File "C:\Users\dell\Desktop\Vue\.venv\Lib\site-packages\pymysql\protocol.py", line 219, in raise_for_error
    err.raise_mysql_exception(self._data)
  File "C:\Users\dell\Desktop\Vue\.venv\Lib\site-packages\pymysql\err.py", line 150, in raise_mysql_exception
    raise errorclass(errno, errval)
django.db.utils.OperationalError: (1054, "Unknown column 'ops_flow_template.category' in 'SELECT'")
Traceback (most recent call last):
  File "C:\Users\dell\Desktop\Vue\.venv\Lib\site-packages\django\db\backends\utils.py", line 89, in _execute
    return self.cursor.execute(sql, params)
           ^^^^^^^^^^^^^^^^^^^^^^^^^^^^^^^^
  File "C:\Users\dell\Desktop\Vue\.venv\Lib\site-packages\django\db\backends\mysql\base.py", line 75, in execute
    return self.cursor.execute(query, args)
           ^^^^^^^^^^^^^^^^^^^^^^^^^^^^^^^^
  File "C:\Users\dell\Desktop\Vue\.venv\Lib\site-packages\pymysql\cursors.py", line 153, in execute
    result = self._query(query)
             ^^^^^^^^^^^^^^^^^^
  File "C:\Users\dell\Desktop\Vue\.venv\Lib\site-packages\pymysql\cursors.py", line 322, in _query
    conn.query(q)
  File "C:\Users\dell\Desktop\Vue\.venv\Lib\site-packages\pymysql\connections.py", line 575, in query
    self._affected_rows = self._read_query_result(unbuffered=unbuffered)
                          ^^^^^^^^^^^^^^^^^^^^^^^^^^^^^^^^^^^^^^^^^^^^^^
  File "C:\Users\dell\Desktop\Vue\.venv\Lib\site-packages\pymysql\connections.py", line 826, in _read_query_result
    result.read()
  File "C:\Users\dell\Desktop\Vue\.venv\Lib\site-packages\pymysql\connections.py", line 1203, in read
    first_packet = self.connection._read_packet()
                   ^^^^^^^^^^^^^^^^^^^^^^^^^^^^^^
  File "C:\Users\dell\Desktop\Vue\.venv\Lib\site-packages\pymysql\connections.py", line 782, in _read_packet
    packet.raise_for_error()
  File "C:\Users\dell\Desktop\Vue\.venv\Lib\site-packages\pymysql\protocol.py", line 219, in raise_for_error
    err.raise_mysql_exception(self._data)
  File "C:\Users\dell\Desktop\Vue\.venv\Lib\site-packages\pymysql\err.py", line 150, in raise_mysql_exception
    raise errorclass(errno, errval)
pymysql.err.OperationalError: (1054, "Unknown column 'ops_flow_template.category' in 'SELECT'")

The above exception was the direct cause of the following exception:

Traceback (most recent call last):
  File "C:\Users\dell\Desktop\Vue\.venv\Lib\site-packages\rest_framework\views.py", line 506, in dispatch
    response = handler(request, *args, **kwargs)
               ^^^^^^^^^^^^^^^^^^^^^^^^^^^^^^^^^
  File "C:\Users\dell\Desktop\Vue\.venv\Lib\site-packages\rest_framework\decorators.py", line 50, in handler
    return func(*args, **kwargs)
           ^^^^^^^^^^^^^^^^^^^^^
  File "C:\Users\dell\Desktop\Vue\backend\opsflow\views\dashboard_views.py", line 329, in dashboard_schedule_stats
    top_schedules_data = [
                         ^
  File "C:\Users\dell\Desktop\Vue\.venv\Lib\site-packages\django\db\models\query.py", line 398, in __iter__
    self._fetch_all()
  File "C:\Users\dell\Desktop\Vue\.venv\Lib\site-packages\django\db\models\query.py", line 1881, in _fetch_all
    self._result_cache = list(self._iterable_class(self))
                         ^^^^^^^^^^^^^^^^^^^^^^^^^^^^^^^^
  File "C:\Users\dell\Desktop\Vue\.venv\Lib\site-packages\django\db\models\query.py", line 91, in __iter__
    results = compiler.execute_sql(
              ^^^^^^^^^^^^^^^^^^^^^
  File "C:\Users\dell\Desktop\Vue\.venv\Lib\site-packages\django\db\models\sql\compiler.py", line 1562, in execute_sql
    cursor.execute(sql, params)
  File "C:\Users\dell\Desktop\Vue\.venv\Lib\site-packages\django\db\backends\utils.py", line 102, in execute
    return super().execute(sql, params)
           ^^^^^^^^^^^^^^^^^^^^^^^^^^^^
  File "C:\Users\dell\Desktop\Vue\.venv\Lib\site-packages\django\db\backends\utils.py", line 67, in execute
    return self._execute_with_wrappers(
           ^^^^^^^^^^^^^^^^^^^^^^^^^^^^
  File "C:\Users\dell\Desktop\Vue\.venv\Lib\site-packages\django\db\backends\utils.py", line 80, in _execute_with_wrappers
    return executor(sql, params, many, context)
           ^^^^^^^^^^^^^^^^^^^^^^^^^^^^^^^^^^^^
  File "C:\Users\dell\Desktop\Vue\.venv\Lib\site-packages\django\db\backends\utils.py", line 84, in _execute
    with self.db.wrap_database_errors:
  File "C:\Users\dell\Desktop\Vue\.venv\Lib\site-packages\django\db\utils.py", line 91, in __exit__
    raise dj_exc_value.with_traceback(traceback) from exc_value
  File "C:\Users\dell\Desktop\Vue\.venv\Lib\site-packages\django\db\backends\utils.py", line 89, in _execute
    return self.cursor.execute(sql, params)
           ^^^^^^^^^^^^^^^^^^^^^^^^^^^^^^^^
  File "C:\Users\dell\Desktop\Vue\.venv\Lib\site-packages\django\db\backends\mysql\base.py", line 75, in execute
    return self.cursor.execute(query, args)
           ^^^^^^^^^^^^^^^^^^^^^^^^^^^^^^^^
  File "C:\Users\dell\Desktop\Vue\.venv\Lib\site-packages\pymysql\cursors.py", line 153, in execute
    result = self._query(query)
             ^^^^^^^^^^^^^^^^^^
  File "C:\Users\dell\Desktop\Vue\.venv\Lib\site-packages\pymysql\cursors.py", line 322, in _query
    conn.query(q)
  File "C:\Users\dell\Desktop\Vue\.venv\Lib\site-packages\pymysql\connections.py", line 575, in query
    self._affected_rows = self._read_query_result(unbuffered=unbuffered)
                          ^^^^^^^^^^^^^^^^^^^^^^^^^^^^^^^^^^^^^^^^^^^^^^
  File "C:\Users\dell\Desktop\Vue\.venv\Lib\site-packages\pymysql\connections.py", line 826, in _read_query_result
    result.read()
  File "C:\Users\dell\Desktop\Vue\.venv\Lib\site-packages\pymysql\connections.py", line 1203, in read
    first_packet = self.connection._read_packet()
                   ^^^^^^^^^^^^^^^^^^^^^^^^^^^^^^
  File "C:\Users\dell\Desktop\Vue\.venv\Lib\site-packages\pymysql\connections.py", line 782, in _read_packet
    packet.raise_for_error()
  File "C:\Users\dell\Desktop\Vue\.venv\Lib\site-packages\pymysql\protocol.py", line 219, in raise_for_error
    err.raise_mysql_exception(self._data)
  File "C:\Users\dell\Desktop\Vue\.venv\Lib\site-packages\pymysql\err.py", line 150, in raise_mysql_exception
    raise errorclass(errno, errval)
django.db.utils.OperationalError: (1054, "Unknown column 'ops_flow_template.category' in 'SELECT'")
[2026-06-01 01:46:13][django.channels.server.log_action():147] [INFO] HTTP GET /api/opsflow/dashboard/schedule-stats/?days=30 200 [0.60, 127.0.0.1:55573]
[2026-06-01 01:47:27][django.channels.server.log_action():147] [INFO] HTTP GET /api/opsflow/dashboard/top-templates/ 200 [0.01, 127.0.0.1:55861]
[2026-06-01 01:47:27][django.channels.server.log_action():147] [INFO] HTTP GET /api/opsflow/dashboard/schedule-stats/ 200 [0.00, 127.0.0.1:55862]
[2026-06-01 01:47:38][django.channels.server.log_action():166] [INFO] WebSocket DISCONNECT /ws/eyJhbGciOiJIUzI1NiIsInR5cCI6IkpXVCJ9.eyJ0b2tlbl90eXBlIjoiYWNjZXNzIiwiZXhwIjoxNzgwODAzMTg0LCJpYXQiOjE3ODAxOTgzODQsImp0aSI6ImQzNzkwZDliYTRkNDQ1YmFhZTQ0NjhiYWI3YThlNmU1IiwidXNlcl9pZCI6IjEifQ.mnv63-hFyGdkaKBUfjEBywPcZczRB1-iypIGK0LpVfM/ [127.0.0.1:55703]
[2026-06-01 01:47:39][django.channels.server.log_action():147] [INFO] HTTP GET /api/init/dictionary/?dictionary_key=all 200 [0.62, 127.0.0.1:55841]
连接关闭
[2026-06-01 01:47:39][django.channels.server.log_action():147] [INFO] HTTP GET /api/system/menu/web_router/ 200 [0.83, 127.0.0.1:55842]
[2026-06-01 01:47:39][django.channels.server.log_action():147] [INFO] HTTP GET /api/init/settings/ 200 [0.87, 127.0.0.1:55839]
[2026-06-01 01:47:39][django.channels.server.log_action():168] [INFO] WebSocket HANDSHAKING /ws/eyJhbGciOiJIUzI1NiIsInR5cCI6IkpXVCJ9.eyJ0b2tlbl90eXBlIjoiYWNjZXNzIiwiZXhwIjoxNzgwODAzMTg0LCJpYXQiOjE3ODAxOTgzODQsImp0aSI6ImQzNzkwZDliYTRkNDQ1YmFhZTQ0NjhiYWI3YThlNmU1IiwidXNlcl9pZCI6IjEifQ.mnv63-hFyGdkaKBUfjEBywPcZczRB1-iypIGK0LpVfM/ [127.0.0.1:55894]
[2026-06-01 01:47:39][django.channels.server.log_action():164] [INFO] WebSocket CONNECT /ws/eyJhbGciOiJIUzI1NiIsInR5cCI6IkpXVCJ9.eyJ0b2tlbl90eXBlIjoiYWNjZXNzIiwiZXhwIjoxNzgwODAzMTg0LCJpYXQiOjE3ODAxOTgzODQsImp0aSI6ImQzNzkwZDliYTRkNDQ1YmFhZTQ0NjhiYWI3YThlNmU1IiwidXNlcl9pZCI6IjEifQ.mnv63-hFyGdkaKBUfjEBywPcZczRB1-iypIGK0LpVfM/ [127.0.0.1:55894]
连接成功
[2026-06-01 01:47:40][django.channels.server.log_action():147] [INFO] HTTP GET /api/system/dept/all_dept/ 200 [1.08, 127.0.0.1:55840]
[2026-06-01 01:47:41][django.channels.server.log_action():147] [INFO] HTTP GET /api/system/menu_button/menu_button_all_permission/ 200 [2.04, 127.0.0.1:55838]
[2026-06-01 01:47:41][dvadmin.utils.exception.CustomExceptionHandler():68] [ERROR] Traceback (most recent call last):
  File "C:\Users\dell\Desktop\Vue\.venv\Lib\site-packages\rest_framework\views.py", line 506, in dispatch
    response = handler(request, *args, **kwargs)
               ^^^^^^^^^^^^^^^^^^^^^^^^^^^^^^^^^
  File "C:\Users\dell\Desktop\Vue\.venv\Lib\site-packages\rest_framework\decorators.py", line 50, in handler
    return func(*args, **kwargs)
           ^^^^^^^^^^^^^^^^^^^^^
  File "C:\Users\dell\Desktop\Vue\backend\opsflow\views\dashboard_views.py", line 227, in dashboard_top_templates
    FlowExecution.objects.values(tid=F("template_id"), template_name=F("template__name"))
  File "C:\Users\dell\Desktop\Vue\.venv\Lib\site-packages\django\db\models\manager.py", line 87, in manager_method
    return getattr(self.get_queryset(), name)(*args, **kwargs)
           ^^^^^^^^^^^^^^^^^^^^^^^^^^^^^^^^^^^^^^^^^^^^^^^^^^^
  File "C:\Users\dell\Desktop\Vue\.venv\Lib\site-packages\django\db\models\query.py", line 1313, in values
    clone = self._values(*fields, **expressions)
            ^^^^^^^^^^^^^^^^^^^^^^^^^^^^^^^^^^^^
  File "C:\Users\dell\Desktop\Vue\.venv\Lib\site-packages\django\db\models\query.py", line 1306, in _values
    clone = clone.annotate(**expressions)
            ^^^^^^^^^^^^^^^^^^^^^^^^^^^^^
  File "C:\Users\dell\Desktop\Vue\.venv\Lib\site-packages\django\db\models\query.py", line 1590, in annotate
    return self._annotate(args, kwargs, select=True)
           ^^^^^^^^^^^^^^^^^^^^^^^^^^^^^^^^^^^^^^^^^
  File "C:\Users\dell\Desktop\Vue\.venv\Lib\site-packages\django\db\models\query.py", line 1631, in _annotate
    raise ValueError(
ValueError: The annotation 'template_id' conflicts with a field on the model.
Traceback (most recent call last):
  File "C:\Users\dell\Desktop\Vue\.venv\Lib\site-packages\rest_framework\views.py", line 506, in dispatch
    response = handler(request, *args, **kwargs)
               ^^^^^^^^^^^^^^^^^^^^^^^^^^^^^^^^^
  File "C:\Users\dell\Desktop\Vue\.venv\Lib\site-packages\rest_framework\decorators.py", line 50, in handler
    return func(*args, **kwargs)
           ^^^^^^^^^^^^^^^^^^^^^
  File "C:\Users\dell\Desktop\Vue\backend\opsflow\views\dashboard_views.py", line 227, in dashboard_top_templates
    FlowExecution.objects.values(tid=F("template_id"), template_name=F("template__name"))
  File "C:\Users\dell\Desktop\Vue\.venv\Lib\site-packages\django\db\models\manager.py", line 87, in manager_method
    return getattr(self.get_queryset(), name)(*args, **kwargs)
           ^^^^^^^^^^^^^^^^^^^^^^^^^^^^^^^^^^^^^^^^^^^^^^^^^^^
  File "C:\Users\dell\Desktop\Vue\.venv\Lib\site-packages\django\db\models\query.py", line 1313, in values
    clone = self._values(*fields, **expressions)
            ^^^^^^^^^^^^^^^^^^^^^^^^^^^^^^^^^^^^
  File "C:\Users\dell\Desktop\Vue\.venv\Lib\site-packages\django\db\models\query.py", line 1306, in _values
    clone = clone.annotate(**expressions)
            ^^^^^^^^^^^^^^^^^^^^^^^^^^^^^
  File "C:\Users\dell\Desktop\Vue\.venv\Lib\site-packages\django\db\models\query.py", line 1590, in annotate
    return self._annotate(args, kwargs, select=True)
           ^^^^^^^^^^^^^^^^^^^^^^^^^^^^^^^^^^^^^^^^^
  File "C:\Users\dell\Desktop\Vue\.venv\Lib\site-packages\django\db\models\query.py", line 1631, in _annotate
    raise ValueError(
ValueError: The annotation 'template_id' conflicts with a field on the model.
[2026-06-01 01:47:41][django.channels.server.log_action():147] [INFO] HTTP GET /api/opsflow/dashboard/top-templates/?limit=8 200 [1.19, 127.0.0.1:55841]
[2026-06-01 01:47:41][django.channels.server.log_action():147] [INFO] HTTP GET /api/opsflow/dashboard/user-activity/?limit=10 200 [1.31, 127.0.0.1:55843]
[2026-06-01 01:47:41][django.channels.server.log_action():147] [INFO] HTTP GET /api/opsflow/dashboard/status-distribution/ 200 [1.25, 127.0.0.1:55840]
[2026-06-01 01:47:41][django.channels.server.log_action():147] [INFO] HTTP GET /api/opsflow/dashboard/trend/?days=30 200 [1.35, 127.0.0.1:55842]
[2026-06-01 01:47:41][django.channels.server.log_action():147] [INFO] HTTP GET /api/opsflow/dashboard/stats/?days=30 200 [1.47, 127.0.0.1:55839]
[2026-06-01 01:47:41][django.channels.server.log_action():147] [INFO] HTTP GET /api/opsflow/dashboard/node-type-distribution/ 200 [0.53, 127.0.0.1:55838]
[2026-06-01 01:47:41][django.channels.server.log_action():147] [INFO] HTTP GET /api/opsflow/dashboard/schedule-stats/?days=30 200 [0.62, 127.0.0.1:55841]
[2026-06-01 01:48:00][django.channels.server.log_action():166] [INFO] WebSocket DISCONNECT /ws/eyJhbGciOiJIUzI1NiIsInR5cCI6IkpXVCJ9.eyJ0b2tlbl90eXBlIjoiYWNjZXNzIiwiZXhwIjoxNzgwODAzMTg0LCJpYXQiOjE3ODAxOTgzODQsImp0aSI6ImQzNzkwZDliYTRkNDQ1YmFhZTQ0NjhiYWI3YThlNmU1IiwidXNlcl9pZCI6IjEifQ.mnv63-hFyGdkaKBUfjEBywPcZczRB1-iypIGK0LpVfM/ [127.0.0.1:55894]
连接关闭
[2026-06-01 01:48:01][django.channels.server.log_action():147] [INFO] HTTP GET /api/init/dictionary/?dictionary_key=all 200 [0.62, 127.0.0.1:55842]
[2026-06-01 01:48:02][django.channels.server.log_action():147] [INFO] HTTP GET /api/init/settings/ 200 [0.99, 127.0.0.1:55838]
[2026-06-01 01:48:02][django.channels.server.log_action():147] [INFO] HTTP GET /api/system/dept/all_dept/ 200 [1.04, 127.0.0.1:55839]
[2026-06-01 01:48:02][django.channels.server.log_action():147] [INFO] HTTP GET /api/system/menu_button/menu_button_all_permission/ 200 [1.05, 127.0.0.1:55841]
[2026-06-01 01:48:02][django.channels.server.log_action():147] [INFO] HTTP GET /api/system/menu/web_router/ 200 [1.05, 127.0.0.1:55840]
[2026-06-01 01:48:02][django.channels.server.log_action():168] [INFO] WebSocket HANDSHAKING /ws/eyJhbGciOiJIUzI1NiIsInR5cCI6IkpXVCJ9.eyJ0b2tlbl90eXBlIjoiYWNjZXNzIiwiZXhwIjoxNzgwODAzMTg0LCJpYXQiOjE3ODAxOTgzODQsImp0aSI6ImQzNzkwZDliYTRkNDQ1YmFhZTQ0NjhiYWI3YThlNmU1IiwidXNlcl9pZCI6IjEifQ.mnv63-hFyGdkaKBUfjEBywPcZczRB1-iypIGK0LpVfM/ [127.0.0.1:55943]
[2026-06-01 01:48:02][django.channels.server.log_action():164] [INFO] WebSocket CONNECT /ws/eyJhbGciOiJIUzI1NiIsInR5cCI6IkpXVCJ9.eyJ0b2tlbl90eXBlIjoiYWNjZXNzIiwiZXhwIjoxNzgwODAzMTg0LCJpYXQiOjE3ODAxOTgzODQsImp0aSI6ImQzNzkwZDliYTRkNDQ1YmFhZTQ0NjhiYWI3YThlNmU1IiwidXNlcl9pZCI6IjEifQ.mnv63-hFyGdkaKBUfjEBywPcZczRB1-iypIGK0LpVfM/ [127.0.0.1:55943]
连接成功
[2026-06-01 01:48:03][django.channels.server.log_action():147] [INFO] HTTP GET /api/opsflow/dashboard/user-activity/?limit=10 200 [1.10, 127.0.0.1:55838]
[2026-06-01 01:48:03][django.channels.server.log_action():147] [INFO] HTTP GET /api/opsflow/dashboard/node-type-distribution/ 200 [1.28, 127.0.0.1:55843]
[2026-06-01 01:48:03][django.channels.server.log_action():147] [INFO] HTTP GET /api/opsflow/dashboard/status-distribution/ 200 [1.28, 127.0.0.1:55842]
[2026-06-01 01:48:03][dvadmin.utils.exception.CustomExceptionHandler():68] [ERROR] Traceback (most recent call last):
  File "C:\Users\dell\Desktop\Vue\.venv\Lib\site-packages\rest_framework\views.py", line 506, in dispatch
    response = handler(request, *args, **kwargs)
               ^^^^^^^^^^^^^^^^^^^^^^^^^^^^^^^^^
  File "C:\Users\dell\Desktop\Vue\.venv\Lib\site-packages\rest_framework\decorators.py", line 50, in handler
    return func(*args, **kwargs)
           ^^^^^^^^^^^^^^^^^^^^^
  File "C:\Users\dell\Desktop\Vue\backend\opsflow\views\dashboard_views.py", line 227, in dashboard_top_templates
    FlowExecution.objects.values(tid=F("template_id"), template_name=F("template__name"))
  File "C:\Users\dell\Desktop\Vue\.venv\Lib\site-packages\django\db\models\manager.py", line 87, in manager_method
    return getattr(self.get_queryset(), name)(*args, **kwargs)
           ^^^^^^^^^^^^^^^^^^^^^^^^^^^^^^^^^^^^^^^^^^^^^^^^^^^
  File "C:\Users\dell\Desktop\Vue\.venv\Lib\site-packages\django\db\models\query.py", line 1313, in values
    clone = self._values(*fields, **expressions)
            ^^^^^^^^^^^^^^^^^^^^^^^^^^^^^^^^^^^^
  File "C:\Users\dell\Desktop\Vue\.venv\Lib\site-packages\django\db\models\query.py", line 1306, in _values
    clone = clone.annotate(**expressions)
            ^^^^^^^^^^^^^^^^^^^^^^^^^^^^^
  File "C:\Users\dell\Desktop\Vue\.venv\Lib\site-packages\django\db\models\query.py", line 1590, in annotate
    return self._annotate(args, kwargs, select=True)
           ^^^^^^^^^^^^^^^^^^^^^^^^^^^^^^^^^^^^^^^^^
  File "C:\Users\dell\Desktop\Vue\.venv\Lib\site-packages\django\db\models\query.py", line 1631, in _annotate
    raise ValueError(
ValueError: The annotation 'template_id' conflicts with a field on the model.
Traceback (most recent call last):
  File "C:\Users\dell\Desktop\Vue\.venv\Lib\site-packages\rest_framework\views.py", line 506, in dispatch
    response = handler(request, *args, **kwargs)
               ^^^^^^^^^^^^^^^^^^^^^^^^^^^^^^^^^
  File "C:\Users\dell\Desktop\Vue\.venv\Lib\site-packages\rest_framework\decorators.py", line 50, in handler
    return func(*args, **kwargs)
           ^^^^^^^^^^^^^^^^^^^^^
  File "C:\Users\dell\Desktop\Vue\backend\opsflow\views\dashboard_views.py", line 227, in dashboard_top_templates
    FlowExecution.objects.values(tid=F("template_id"), template_name=F("template__name"))
  File "C:\Users\dell\Desktop\Vue\.venv\Lib\site-packages\django\db\models\manager.py", line 87, in manager_method
    return getattr(self.get_queryset(), name)(*args, **kwargs)
           ^^^^^^^^^^^^^^^^^^^^^^^^^^^^^^^^^^^^^^^^^^^^^^^^^^^
  File "C:\Users\dell\Desktop\Vue\.venv\Lib\site-packages\django\db\models\query.py", line 1313, in values
    clone = self._values(*fields, **expressions)
            ^^^^^^^^^^^^^^^^^^^^^^^^^^^^^^^^^^^^
  File "C:\Users\dell\Desktop\Vue\.venv\Lib\site-packages\django\db\models\query.py", line 1306, in _values
    clone = clone.annotate(**expressions)
            ^^^^^^^^^^^^^^^^^^^^^^^^^^^^^
  File "C:\Users\dell\Desktop\Vue\.venv\Lib\site-packages\django\db\models\query.py", line 1590, in annotate
    return self._annotate(args, kwargs, select=True)
           ^^^^^^^^^^^^^^^^^^^^^^^^^^^^^^^^^^^^^^^^^
  File "C:\Users\dell\Desktop\Vue\.venv\Lib\site-packages\django\db\models\query.py", line 1631, in _annotate
    raise ValueError(
ValueError: The annotation 'template_id' conflicts with a field on the model.
[2026-06-01 01:48:03][django.channels.server.log_action():147] [INFO] HTTP GET /api/opsflow/dashboard/trend/?days=30 200 [1.36, 127.0.0.1:55841]
[2026-06-01 01:48:03][django.channels.server.log_action():147] [INFO] HTTP GET /api/opsflow/dashboard/top-templates/?limit=8 200 [1.36, 127.0.0.1:55839]
[2026-06-01 01:48:04][django.channels.server.log_action():147] [INFO] HTTP GET /api/opsflow/dashboard/stats/?days=30 200 [1.62, 127.0.0.1:55840]
[2026-06-01 01:48:04][django.channels.server.log_action():147] [INFO] HTTP GET /api/opsflow/dashboard/schedule-stats/?days=30 200 [0.65, 127.0.0.1:55838]
