C:\Users\dell\Desktop\Vue\.venv\Lib\site-packages\drf_yasg\__init__.py:2: UserWarning: pkg_resources is deprecated as an API. See https://setuptools.pypa.io/en/latest/pkg_resources.html. The pkg_resources package is slated for removal as early as 2025-11-30. Refrain from using this package or pin to Setuptools<81.
  from pkg_resources import DistributionNotFound, get_distribution
[INFO] 当前IP地址 ['172.19.144.1', '192.168.31.1', '192.168.81.1', '192.168.1.36'] 不是目标IP 172.25.21.216，跳过启动定时器
update example_component component model
update pipe_example_component component model
update component models
update component models finish
[2026-06-03 17:55:46][opsflow.plugins.registry.discover_plugins():54] [INFO] 插件注册完成: 共 44 个, 10 个分组, 44 个 code
[2026-06-03 17:55:55][opsflow.plugins.registry.sync_plugin_meta_to_db():170] [INFO] PluginMeta 同步完成: 44 条
update opsflow_plugin component model
[2026-06-03 17:55:55][apscheduler.scheduler.add_job():507] [INFO] Adding job tentatively -- it will be properly scheduled when the scheduler starts
[2026-06-03 17:55:55][opsflow.core.scheduler_service._register_timeout_check():158] [INFO] Timeout check registered (interval=10s)
[2026-06-03 17:55:56][apscheduler.scheduler._real_add_job():1090] [INFO] Added job "节点超时检查" to job store "default"
[2026-06-03 17:55:56][apscheduler.scheduler.start():214] [INFO] Scheduler started
[2026-06-03 17:55:56][opsflow.core.scheduler_service.start():141] [INFO] OpsflowScheduler started
[2026-06-03 17:55:56][opsflow.apps.ready():136] [INFO] OpsFlow 调度器已自动启动（dev 模式）
C:\Users\dell\Desktop\Vue\.venv\Lib\site-packages\drf_yasg\__init__.py:2: UserWarning: pkg_resources is deprecated as an API. See https://setuptools.pypa.io/en/latest/pkg_resources.html. The pkg_resources package is slated for removal as early as 2025-11-30. Refrain from using this package or pin to Setuptools<81.
  from pkg_resources import DistributionNotFound, get_distribution
[INFO] 当前IP地址 ['172.19.144.1', '192.168.31.1', '192.168.81.1', '192.168.1.36'] 不是目标IP 172.25.21.216，跳过启动定时器
update example_component component model
update pipe_example_component component model
update component models
update component models finish
[2026-06-03 17:55:59][opsflow.plugins.registry.discover_plugins():54] [INFO] 插件注册完成: 共 44 个, 10 个分组, 44 个 code
[2026-06-03 17:56:10][opsflow.plugins.registry.sync_plugin_meta_to_db():170] [INFO] PluginMeta 同步完成: 44 条
update opsflow_plugin component model
[2026-06-03 17:56:10][apscheduler.scheduler.add_job():507] [INFO] Adding job tentatively -- it will be properly scheduled when the scheduler starts
[2026-06-03 17:56:10][opsflow.core.scheduler_service._register_timeout_check():158] [INFO] Timeout check registered (interval=10s)
[2026-06-03 17:56:10][apscheduler.scheduler._real_add_job():1090] [INFO] Added job "节点超时检查" to job store "default"
[2026-06-03 17:56:10][apscheduler.scheduler.start():214] [INFO] Scheduler started
[2026-06-03 17:56:10][opsflow.core.scheduler_service.start():141] [INFO] OpsflowScheduler started
[2026-06-03 17:56:10][opsflow.apps.ready():136] [INFO] OpsFlow 调度器已自动启动（dev 模式）
[2026-06-03 17:56:10][django.utils.autoreload.run_with_reloader():668] [INFO] Watching for file changes with StatReloader
Performing system checks...

System check identified no issues (0 silenced).
June 03, 2026 - 17:56:13
Django version 4.2.7, using settings 'application.settings'
Starting ASGI/Channels version 3.0.5 development server at http://0.0.0.0:8000/
Quit the server with CTRL-BREAK.
[2026-06-03 17:56:13][daphne.server.run():113] [INFO] HTTP/2 support not enabled (install the http2 and tls Twisted extras)
[2026-06-03 17:56:13][daphne.server.run():122] [INFO] Configuring endpoint tcp:port=8000:interface=0.0.0.0
[2026-06-03 17:56:13][daphne.server.listen_error():160] [CRITICAL] Listen failure: Couldn't listen on 0.0.0.0:8000: [WinError 10048] 通常每个套接字地址(协议/网络地址/端口)只允许使用一次。.
[2026-06-03 17:56:20][apscheduler.executors.default.run_job():129] [INFO] Running job "节点超时检查 (trigger: interval[0:00:10], next run at: 2026-06-03 17:56:20 CST)" (scheduled at 2026-06-03 17:56:20.452654+08:00)
[2026-06-03 17:56:20][apscheduler.executors.default.run_job():129] [INFO] Running job "节点超时检查 (trigger: interval[0:00:10], next run at: 2026-06-03 17:56:20 CST)" (scheduled at 2026-06-03 17:56:20.452654+08:00)
[2026-06-03 17:56:20][apscheduler.executors.default.run_job():156] [INFO] Job "节点超时检查 (trigger: interval[0:00:10], next run at: 2026-06-03 17:56:30 CST)" executed successfully
[2026-06-03 17:56:20][apscheduler.executors.default.run_job():156] [INFO] Job "节点超时检查 (trigger: interval[0:00:10], next run at: 2026-06-03 17:56:30 CST)" executed successfully
[2026-06-03 17:56:30][apscheduler.executors.default.run_job():129] [INFO] Running job "节点超时检查 (trigger: interval[0:00:10], next run at: 2026-06-03 17:56:40 CST)" (scheduled at 2026-06-03 17:56:30.452654+08:00)
[2026-06-03 17:56:30][apscheduler.executors.default.run_job():129] [INFO] Running job "节点超时检查 (trigger: interval[0:00:10], next run at: 2026-06-03 17:56:40 CST)" (scheduled at 2026-06-03 17:56:30.452654+08:00)
[2026-06-03 17:56:30][apscheduler.executors.default.run_job():156] [INFO] Job "节点超时检查 (trigger: interval[0:00:10], next run at: 2026-06-03 17:56:40 CST)" executed successfully
[2026-06-03 17:56:30][apscheduler.executors.default.run_job():156] [INFO] Job "节点超时检查 (trigger: interval[0:00:10], next run at: 2026-06-03 17:56:40 CST)" executed successfully
[2026-06-03 17:56:30][django_apscheduler.jobstores.handle_execution_event():107] [WARNING] Job 'opsflow_timeout_check' no longer exists! Skipping logging of job execution...
[2026-06-03 17:56:30][django_apscheduler.jobstores.handle_execution_event():107] [WARNING] Job 'opsflow_timeout_check' no longer exists! Skipping logging of job execution...
[2026-06-03 17:56:40][apscheduler.executors.default.run_job():129] [INFO] Running job "节点超时检查 (trigger: interval[0:00:10], next run at: 2026-06-03 17:56:50 CST)" (scheduled at 2026-06-03 17:56:40.452654+08:00)
[2026-06-03 17:56:40][apscheduler.executors.default.run_job():156] [INFO] Job "节点超时检查 (trigger: interval[0:00:10], next run at: 2026-06-03 17:56:50 CST)" executed successfully
[2026-06-03 17:56:40][apscheduler.executors.default.run_job():129] [INFO] Running job "节点超时检查 (trigger: interval[0:00:10], next run at: 2026-06-03 17:56:50 CST)" (scheduled at 2026-06-03 17:56:40.452654+08:00)
[2026-06-03 17:56:40][apscheduler.executors.default.run_job():156] [INFO] Job "节点超时检查 (trigger: interval[0:00:10], next run at: 2026-06-03 17:56:50 CST)" executed successfully
[2026-06-03 17:56:40][django_apscheduler.jobstores.handle_execution_event():107] [WARNING] Job 'opsflow_timeout_check' no longer exists! Skipping logging of job execution...
[2026-06-03 17:56:40][django_apscheduler.jobstores.handle_execution_event():107] [WARNING] Job 'opsflow_timeout_check' no longer exists! Skipping logging of job execution...
[2026-06-03 17:56:50][apscheduler.executors.default.run_job():129] [INFO] Running job "节点超时检查 (trigger: interval[0:00:10], next run at: 2026-06-03 17:57:00 CST)" (scheduled at 2026-06-03 17:56:50.452654+08:00)
[2026-06-03 17:56:50][apscheduler.executors.default.run_job():156] [INFO] Job "节点超时检查 (trigger: interval[0:00:10], next run at: 2026-06-03 17:57:00 CST)" executed successfully
[2026-06-03 17:56:50][apscheduler.executors.default.run_job():129] [INFO] Running job "节点超时检查 (trigger: interval[0:00:10], next run at: 2026-06-03 17:57:00 CST)" (scheduled at 2026-06-03 17:56:50.452654+08:00)
[2026-06-03 17:56:50][apscheduler.executors.default.run_job():156] [INFO] Job "节点超时检查 (trigger: interval[0:00:10], next run at: 2026-06-03 17:57:00 CST)" executed successfully
[2026-06-03 17:56:50][django_apscheduler.jobstores.handle_execution_event():107] [WARNING] Job 'opsflow_timeout_check' no longer exists! Skipping logging of job execution...
[2026-06-03 17:56:50][django_apscheduler.jobstores.handle_execution_event():107] [WARNING] Job 'opsflow_timeout_check' no longer exists! Skipping logging of job execution...
[2026-06-03 17:57:00][apscheduler.executors.default.run_job():129] [INFO] Running job "节点超时检查 (trigger: interval[0:00:10], next run at: 2026-06-03 17:57:10 CST)" (scheduled at 2026-06-03 17:57:00.452654+08:00)
[2026-06-03 17:57:00][apscheduler.executors.default.run_job():156] [INFO] Job "节点超时检查 (trigger: interval[0:00:10], next run at: 2026-06-03 17:57:10 CST)" executed successfully
[2026-06-03 17:57:00][apscheduler.executors.default.run_job():129] [INFO] Running job "节点超时检查 (trigger: interval[0:00:10], next run at: 2026-06-03 17:57:10 CST)" (scheduled at 2026-06-03 17:57:00.452654+08:00)
[2026-06-03 17:57:00][apscheduler.executors.default.run_job():156] [INFO] Job "节点超时检查 (trigger: interval[0:00:10], next run at: 2026-06-03 17:57:10 CST)" executed successfully
[2026-06-03 17:57:00][django_apscheduler.jobstores.handle_execution_event():107] [WARNING] Job 'opsflow_timeout_check' no longer exists! Skipping logging of job execution...
[2026-06-03 17:57:00][django_apscheduler.jobstores.handle_execution_event():107] [WARNING] Job 'opsflow_timeout_check' no longer exists! Skipping logging of job execution...
[2026-06-03 17:57:10][apscheduler.executors.default.run_job():129] [INFO] Running job "节点超时检查 (trigger: interval[0:00:10], next run at: 2026-06-03 17:57:20 CST)" (scheduled at 2026-06-03 17:57:10.452654+08:00)
[2026-06-03 17:57:10][apscheduler.executors.default.run_job():129] [INFO] Running job "节点超时检查 (trigger: interval[0:00:10], next run at: 2026-06-03 17:57:20 CST)" (scheduled at 2026-06-03 17:57:10.452654+08:00)
[2026-06-03 17:57:10][apscheduler.executors.default.run_job():156] [INFO] Job "节点超时检查 (trigger: interval[0:00:10], next run at: 2026-06-03 17:57:20 CST)" executed successfully
[2026-06-03 17:57:10][apscheduler.executors.default.run_job():156] [INFO] Job "节点超时检查 (trigger: interval[0:00:10], next run at: 2026-06-03 17:57:20 CST)" executed successfully
[2026-06-03 17:57:10][django_apscheduler.jobstores.handle_execution_event():107] [WARNING] Job 'opsflow_timeout_check' no longer exists! Skipping logging of job execution...
[2026-06-03 17:57:10][django_apscheduler.jobstores.handle_execution_event():107] [WARNING] Job 'opsflow_timeout_check' no longer exists! Skipping logging of job execution...
[2026-06-03 17:57:20][apscheduler.executors.default.run_job():129] [INFO] Running job "节点超时检查 (trigger: interval[0:00:10], next run at: 2026-06-03 17:57:30 CST)" (scheduled at 2026-06-03 17:57:20.452654+08:00)
[2026-06-03 17:57:20][apscheduler.executors.default.run_job():129] [INFO] Running job "节点超时检查 (trigger: interval[0:00:10], next run at: 2026-06-03 17:57:30 CST)" (scheduled at 2026-06-03 17:57:20.452654+08:00)
[2026-06-03 17:57:20][apscheduler.executors.default.run_job():156] [INFO] Job "节点超时检查 (trigger: interval[0:00:10], next run at: 2026-06-03 17:57:30 CST)" executed successfully
[2026-06-03 17:57:20][apscheduler.executors.default.run_job():156] [INFO] Job "节点超时检查 (trigger: interval[0:00:10], next run at: 2026-06-03 17:57:30 CST)" executed successfully
[2026-06-03 17:57:20][django_apscheduler.jobstores.handle_execution_event():107] [WARNING] Job 'opsflow_timeout_check' no longer exists! Skipping logging of job execution...
[2026-06-03 17:57:30][apscheduler.executors.default.run_job():129] [INFO] Running job "节点超时检查 (trigger: interval[0:00:10], next run at: 2026-06-03 17:57:40 CST)" (scheduled at 2026-06-03 17:57:30.452654+08:00)
[2026-06-03 17:57:30][apscheduler.executors.default.run_job():129] [INFO] Running job "节点超时检查 (trigger: interval[0:00:10], next run at: 2026-06-03 17:57:40 CST)" (scheduled at 2026-06-03 17:57:30.452654+08:00)
[2026-06-03 17:57:30][apscheduler.executors.default.run_job():156] [INFO] Job "节点超时检查 (trigger: interval[0:00:10], next run at: 2026-06-03 17:57:40 CST)" executed successfully
[2026-06-03 17:57:30][apscheduler.executors.default.run_job():156] [INFO] Job "节点超时检查 (trigger: interval[0:00:10], next run at: 2026-06-03 17:57:40 CST)" executed successfully
[2026-06-03 17:57:30][django_apscheduler.jobstores.handle_execution_event():107] [WARNING] Job 'opsflow_timeout_check' no longer exists! Skipping logging of job execution...
[2026-06-03 17:57:30][django_apscheduler.jobstores.handle_execution_event():107] [WARNING] Job 'opsflow_timeout_check' no longer exists! Skipping logging of job execution...
